---------------------------------------------------------------
[ 2018-12-04T10:15:50+08:00 ] 127.0.0.1 GET 127.0.0.1/index.php/index/Viewtest/assign_view
[运行时间：0.033001s] [吞吐率：30.30req/s] [内存消耗：1,174.70kb] [文件加载：38]
[ info ] [ LANG ] E:\workProject\tp5\thinkphp\lang\zh-cn.php
[ info ] [ ROUTE ] array (
  'type' => 'module',
  'module' => 
  array (
    0 => 'index',
    1 => 'Viewtest',
    2 => 'assign_view',
  ),
)
[ info ] [ HEADER ] array (
  'cookie' => 'UM_distinctid=16588987d52fb2-04ec155a4c70ad-2d604637-4a574-16588987d53359; vhistory=888888%2C13303297%2C36671862%2C; CNZZDATA1272896911=100615511-1536195372-%7C1537943975; _ga=GA1.1.2117914056.1541986101; Hm_lvt_895858e827eb907c0d1731726870317d=1542006346; HFCOOKIE=4beba4e31baf22b3dece4d480a8c81cbae73eaf762558bbb14ab094c22948cab; CNZZDATA1274086863=553250094-1535593404-%7C1543560909',
  'accept-language' => 'zh-CN,zh;q=0.9',
  'accept-encoding' => 'gzip, deflate, br',
  'accept' => 'text/html,application/xhtml+xml,application/xml;q=0.9,image/webp,image/apng,*/*;q=0.8',
  'user-agent' => 'Mozilla/5.0 (Windows NT 6.1; Win64; x64) AppleWebKit/537.36 (KHTML, like Gecko) Chrome/70.0.3538.110 Safari/537.36',
  'upgrade-insecure-requests' => '1',
  'cache-control' => 'max-age=0',
  'connection' => 'keep-alive',
  'host' => '127.0.0.1',
  'content-length' => '',
  'content-type' => '',
)
[ info ] [ PARAM ] array (
)
[ info ] [ RUN ] app\index\controller\Viewtest->assign_view[ E:\workProject\tp5\application\index\controller\Viewtest.php ]
[ info ] [ VIEW ] E:\workProject\tp5\public/../application/index\view\viewtest\assign_view.html [ array (
  0 => 'name',
) ]
[ info ] [ LOG ] INIT File
---------------------------------------------------------------
[ 2018-12-04T10:16:02+08:00 ] 127.0.0.1 GET 127.0.0.1/index.php/index/Viewtest/assign_view
[运行时间：0.033002s] [吞吐率：30.30req/s] [内存消耗：1,062.82kb] [文件加载：36]
[ info ] [ LANG ] E:\workProject\tp5\thinkphp\lang\zh-cn.php
[ info ] [ ROUTE ] array (
  'type' => 'module',
  'module' => 
  array (
    0 => 'index',
    1 => 'Viewtest',
    2 => 'assign_view',
  ),
)
[ info ] [ HEADER ] array (
  'cookie' => 'UM_distinctid=16588987d52fb2-04ec155a4c70ad-2d604637-4a574-16588987d53359; vhistory=888888%2C13303297%2C36671862%2C; CNZZDATA1272896911=100615511-1536195372-%7C1537943975; _ga=GA1.1.2117914056.1541986101; Hm_lvt_895858e827eb907c0d1731726870317d=1542006346; HFCOOKIE=4beba4e31baf22b3dece4d480a8c81cbae73eaf762558bbb14ab094c22948cab; CNZZDATA1274086863=553250094-1535593404-%7C1543560909',
  'accept-language' => 'zh-CN,zh;q=0.9',
  'accept-encoding' => 'gzip, deflate, br',
  'accept' => 'text/html,application/xhtml+xml,application/xml;q=0.9,image/webp,image/apng,*/*;q=0.8',
  'user-agent' => 'Mozilla/5.0 (Windows NT 6.1; Win64; x64) AppleWebKit/537.36 (KHTML, like Gecko) Chrome/70.0.3538.110 Safari/537.36',
  'upgrade-insecure-requests' => '1',
  'cache-control' => 'max-age=0',
  'connection' => 'keep-alive',
  'host' => '127.0.0.1',
  'content-length' => '',
  'content-type' => '',
)
[ info ] [ PARAM ] array (
)
[ info ] [ RUN ] app\index\controller\Viewtest->assign_view[ E:\workProject\tp5\application\index\controller\Viewtest.php ]
[ info ] [ VIEW ] E:\workProject\tp5\public/../application/index\view\viewtest\assign_view.html [ array (
  0 => 'name',
) ]
[ info ] [ LOG ] INIT File
---------------------------------------------------------------
[ 2018-12-04T10:16:11+08:00 ] 127.0.0.1 GET 127.0.0.1/index.php/index/Viewtest/assign_view
[运行时间：0.031002s] [吞吐率：32.26req/s] [内存消耗：1,062.15kb] [文件加载：36]
[ info ] [ LANG ] E:\workProject\tp5\thinkphp\lang\zh-cn.php
[ info ] [ ROUTE ] array (
  'type' => 'module',
  'module' => 
  array (
    0 => 'index',
    1 => 'Viewtest',
    2 => 'assign_view',
  ),
)
[ info ] [ HEADER ] array (
  'cookie' => 'UM_distinctid=16588987d52fb2-04ec155a4c70ad-2d604637-4a574-16588987d53359; vhistory=888888%2C13303297%2C36671862%2C; CNZZDATA1272896911=100615511-1536195372-%7C1537943975; _ga=GA1.1.2117914056.1541986101; Hm_lvt_895858e827eb907c0d1731726870317d=1542006346; HFCOOKIE=4beba4e31baf22b3dece4d480a8c81cbae73eaf762558bbb14ab094c22948cab; CNZZDATA1274086863=553250094-1535593404-%7C1543560909',
  'accept-language' => 'zh-CN,zh;q=0.9',
  'accept-encoding' => 'gzip, deflate, br',
  'accept' => 'text/html,application/xhtml+xml,application/xml;q=0.9,image/webp,image/apng,*/*;q=0.8',
  'user-agent' => 'Mozilla/5.0 (Windows NT 6.1; Win64; x64) AppleWebKit/537.36 (KHTML, like Gecko) Chrome/70.0.3538.110 Safari/537.36',
  'upgrade-insecure-requests' => '1',
  'cache-control' => 'max-age=0',
  'connection' => 'keep-alive',
  'host' => '127.0.0.1',
  'content-length' => '',
  'content-type' => '',
)
[ info ] [ PARAM ] array (
)
[ info ] [ RUN ] app\index\controller\Viewtest->assign_view[ E:\workProject\tp5\application\index\controller\Viewtest.php ]
[ info ] [ VIEW ] E:\workProject\tp5\public/../application/index\view\viewtest\assign_view.html [ array (
) ]
[ info ] [ LOG ] INIT File
---------------------------------------------------------------
[ 2018-12-04T10:16:14+08:00 ] 127.0.0.1 GET 127.0.0.1/index.php/index/Viewtest/assign_view
[运行时间：0.030002s] [吞吐率：33.33req/s] [内存消耗：1,062.82kb] [文件加载：36]
[ info ] [ LANG ] E:\workProject\tp5\thinkphp\lang\zh-cn.php
[ info ] [ ROUTE ] array (
  'type' => 'module',
  'module' => 
  array (
    0 => 'index',
    1 => 'Viewtest',
    2 => 'assign_view',
  ),
)
[ info ] [ HEADER ] array (
  'cookie' => 'UM_distinctid=16588987d52fb2-04ec155a4c70ad-2d604637-4a574-16588987d53359; vhistory=888888%2C13303297%2C36671862%2C; CNZZDATA1272896911=100615511-1536195372-%7C1537943975; _ga=GA1.1.2117914056.1541986101; Hm_lvt_895858e827eb907c0d1731726870317d=1542006346; HFCOOKIE=4beba4e31baf22b3dece4d480a8c81cbae73eaf762558bbb14ab094c22948cab; CNZZDATA1274086863=553250094-1535593404-%7C1543560909',
  'accept-language' => 'zh-CN,zh;q=0.9',
  'accept-encoding' => 'gzip, deflate, br',
  'accept' => 'text/html,application/xhtml+xml,application/xml;q=0.9,image/webp,image/apng,*/*;q=0.8',
  'user-agent' => 'Mozilla/5.0 (Windows NT 6.1; Win64; x64) AppleWebKit/537.36 (KHTML, like Gecko) Chrome/70.0.3538.110 Safari/537.36',
  'upgrade-insecure-requests' => '1',
  'cache-control' => 'max-age=0',
  'connection' => 'keep-alive',
  'host' => '127.0.0.1',
  'content-length' => '',
  'content-type' => '',
)
[ info ] [ PARAM ] array (
)
[ info ] [ RUN ] app\index\controller\Viewtest->assign_view[ E:\workProject\tp5\application\index\controller\Viewtest.php ]
[ info ] [ VIEW ] E:\workProject\tp5\public/../application/index\view\viewtest\assign_view.html [ array (
  0 => 'name',
) ]
[ info ] [ LOG ] INIT File
---------------------------------------------------------------
[ 2018-12-04T10:16:24+08:00 ] 127.0.0.1 GET 127.0.0.1/index.php/index/Viewtest/assign_view
[运行时间：0.035002s] [吞吐率：28.57req/s] [内存消耗：1,089.88kb] [文件加载：38]
[ info ] [ LANG ] E:\workProject\tp5\thinkphp\lang\zh-cn.php
[ info ] [ ROUTE ] array (
  'type' => 'module',
  'module' => 
  array (
    0 => 'index',
    1 => 'Viewtest',
    2 => 'assign_view',
  ),
)
[ info ] [ HEADER ] array (
  'cookie' => 'UM_distinctid=16588987d52fb2-04ec155a4c70ad-2d604637-4a574-16588987d53359; vhistory=888888%2C13303297%2C36671862%2C; CNZZDATA1272896911=100615511-1536195372-%7C1537943975; _ga=GA1.1.2117914056.1541986101; Hm_lvt_895858e827eb907c0d1731726870317d=1542006346; HFCOOKIE=4beba4e31baf22b3dece4d480a8c81cbae73eaf762558bbb14ab094c22948cab; CNZZDATA1274086863=553250094-1535593404-%7C1543560909',
  'accept-language' => 'zh-CN,zh;q=0.9',
  'accept-encoding' => 'gzip, deflate, br',
  'accept' => 'text/html,application/xhtml+xml,application/xml;q=0.9,image/webp,image/apng,*/*;q=0.8',
  'user-agent' => 'Mozilla/5.0 (Windows NT 6.1; Win64; x64) AppleWebKit/537.36 (KHTML, like Gecko) Chrome/70.0.3538.110 Safari/537.36',
  'upgrade-insecure-requests' => '1',
  'cache-control' => 'max-age=0',
  'connection' => 'keep-alive',
  'host' => '127.0.0.1',
  'content-length' => '',
  'content-type' => '',
)
[ info ] [ PARAM ] array (
)
[ info ] [ RUN ] app\index\controller\Viewtest->assign_view[ E:\workProject\tp5\application\index\controller\Viewtest.php ]
[ info ] [ LOG ] INIT File
[ error ] [0]模板文件不存在:E:\workProject\tp5\public/../application/index\view\viewtest\assign_view.html[E:\workProject\tp5\thinkphp\library\think\view\driver\Think.php:82]
---------------------------------------------------------------
[ 2018-12-04T10:16:44+08:00 ] 127.0.0.1 GET 127.0.0.1/index.php/index/Viewtest/assign_view
[运行时间：0.030002s] [吞吐率：33.33req/s] [内存消耗：1,174.91kb] [文件加载：38]
[ info ] [ LANG ] E:\workProject\tp5\thinkphp\lang\zh-cn.php
[ info ] [ ROUTE ] array (
  'type' => 'module',
  'module' => 
  array (
    0 => 'index',
    1 => 'Viewtest',
    2 => 'assign_view',
  ),
)
[ info ] [ HEADER ] array (
  'cookie' => 'UM_distinctid=16588987d52fb2-04ec155a4c70ad-2d604637-4a574-16588987d53359; vhistory=888888%2C13303297%2C36671862%2C; CNZZDATA1272896911=100615511-1536195372-%7C1537943975; _ga=GA1.1.2117914056.1541986101; Hm_lvt_895858e827eb907c0d1731726870317d=1542006346; HFCOOKIE=4beba4e31baf22b3dece4d480a8c81cbae73eaf762558bbb14ab094c22948cab; CNZZDATA1274086863=553250094-1535593404-%7C1543560909',
  'accept-language' => 'zh-CN,zh;q=0.9',
  'accept-encoding' => 'gzip, deflate, br',
  'accept' => 'text/html,application/xhtml+xml,application/xml;q=0.9,image/webp,image/apng,*/*;q=0.8',
  'user-agent' => 'Mozilla/5.0 (Windows NT 6.1; Win64; x64) AppleWebKit/537.36 (KHTML, like Gecko) Chrome/70.0.3538.110 Safari/537.36',
  'upgrade-insecure-requests' => '1',
  'cache-control' => 'max-age=0',
  'connection' => 'keep-alive',
  'host' => '127.0.0.1',
  'content-length' => '',
  'content-type' => '',
)
[ info ] [ PARAM ] array (
)
[ info ] [ RUN ] app\index\controller\Viewtest->assign_view[ E:\workProject\tp5\application\index\controller\Viewtest.php ]
[ info ] [ VIEW ] E:\workProject\tp5\public/../application/index\view\viewtest\assign_view.html [ array (
  0 => 'name',
) ]
[ info ] [ LOG ] INIT File
---------------------------------------------------------------
[ 2018-12-04T10:16:53+08:00 ] 127.0.0.1 GET 127.0.0.1/index.php/index/Viewtest/assign_view
[运行时间：0.036002s] [吞吐率：27.78req/s] [内存消耗：1,174.92kb] [文件加载：38]
[ info ] [ LANG ] E:\workProject\tp5\thinkphp\lang\zh-cn.php
[ info ] [ ROUTE ] array (
  'type' => 'module',
  'module' => 
  array (
    0 => 'index',
    1 => 'Viewtest',
    2 => 'assign_view',
  ),
)
[ info ] [ HEADER ] array (
  'cookie' => 'UM_distinctid=16588987d52fb2-04ec155a4c70ad-2d604637-4a574-16588987d53359; vhistory=888888%2C13303297%2C36671862%2C; CNZZDATA1272896911=100615511-1536195372-%7C1537943975; _ga=GA1.1.2117914056.1541986101; Hm_lvt_895858e827eb907c0d1731726870317d=1542006346; HFCOOKIE=4beba4e31baf22b3dece4d480a8c81cbae73eaf762558bbb14ab094c22948cab; CNZZDATA1274086863=553250094-1535593404-%7C1543560909',
  'accept-language' => 'zh-CN,zh;q=0.9',
  'accept-encoding' => 'gzip, deflate, br',
  'accept' => 'text/html,application/xhtml+xml,application/xml;q=0.9,image/webp,image/apng,*/*;q=0.8',
  'user-agent' => 'Mozilla/5.0 (Windows NT 6.1; Win64; x64) AppleWebKit/537.36 (KHTML, like Gecko) Chrome/70.0.3538.110 Safari/537.36',
  'upgrade-insecure-requests' => '1',
  'cache-control' => 'max-age=0',
  'connection' => 'keep-alive',
  'host' => '127.0.0.1',
  'content-length' => '',
  'content-type' => '',
)
[ info ] [ PARAM ] array (
)
[ info ] [ RUN ] app\index\controller\Viewtest->assign_view[ E:\workProject\tp5\application\index\controller\Viewtest.php ]
[ info ] [ VIEW ] E:\workProject\tp5\public/../application/index\view\viewtest\assign_view.html [ array (
  0 => 'name',
) ]
[ info ] [ LOG ] INIT File
---------------------------------------------------------------
[ 2018-12-04T10:16:55+08:00 ] 127.0.0.1 GET 127.0.0.1/index.php/index/Viewtest/assign_view
[运行时间：0.028002s] [吞吐率：35.71req/s] [内存消耗：1,062.80kb] [文件加载：36]
[ info ] [ LANG ] E:\workProject\tp5\thinkphp\lang\zh-cn.php
[ info ] [ ROUTE ] array (
  'type' => 'module',
  'module' => 
  array (
    0 => 'index',
    1 => 'Viewtest',
    2 => 'assign_view',
  ),
)
[ info ] [ HEADER ] array (
  'cookie' => 'UM_distinctid=16588987d52fb2-04ec155a4c70ad-2d604637-4a574-16588987d53359; vhistory=888888%2C13303297%2C36671862%2C; CNZZDATA1272896911=100615511-1536195372-%7C1537943975; _ga=GA1.1.2117914056.1541986101; Hm_lvt_895858e827eb907c0d1731726870317d=1542006346; HFCOOKIE=4beba4e31baf22b3dece4d480a8c81cbae73eaf762558bbb14ab094c22948cab; CNZZDATA1274086863=553250094-1535593404-%7C1543560909',
  'accept-language' => 'zh-CN,zh;q=0.9',
  'accept-encoding' => 'gzip, deflate, br',
  'accept' => 'text/html,application/xhtml+xml,application/xml;q=0.9,image/webp,image/apng,*/*;q=0.8',
  'user-agent' => 'Mozilla/5.0 (Windows NT 6.1; Win64; x64) AppleWebKit/537.36 (KHTML, like Gecko) Chrome/70.0.3538.110 Safari/537.36',
  'upgrade-insecure-requests' => '1',
  'cache-control' => 'max-age=0',
  'connection' => 'keep-alive',
  'host' => '127.0.0.1',
  'content-length' => '',
  'content-type' => '',
)
[ info ] [ PARAM ] array (
)
[ info ] [ RUN ] app\index\controller\Viewtest->assign_view[ E:\workProject\tp5\application\index\controller\Viewtest.php ]
[ info ] [ VIEW ] E:\workProject\tp5\public/../application/index\view\viewtest\assign_view.html [ array (
  0 => 'name',
) ]
[ info ] [ LOG ] INIT File
---------------------------------------------------------------
[ 2018-12-04T10:16:58+08:00 ] 127.0.0.1 GET 127.0.0.1/index.php/index/Viewtest/assign_view
[运行时间：0.034002s] [吞吐率：29.41req/s] [内存消耗：1,174.97kb] [文件加载：38]
[ info ] [ LANG ] E:\workProject\tp5\thinkphp\lang\zh-cn.php
[ info ] [ ROUTE ] array (
  'type' => 'module',
  'module' => 
  array (
    0 => 'index',
    1 => 'Viewtest',
    2 => 'assign_view',
  ),
)
[ info ] [ HEADER ] array (
  'cookie' => 'UM_distinctid=16588987d52fb2-04ec155a4c70ad-2d604637-4a574-16588987d53359; vhistory=888888%2C13303297%2C36671862%2C; CNZZDATA1272896911=100615511-1536195372-%7C1537943975; _ga=GA1.1.2117914056.1541986101; Hm_lvt_895858e827eb907c0d1731726870317d=1542006346; HFCOOKIE=4beba4e31baf22b3dece4d480a8c81cbae73eaf762558bbb14ab094c22948cab; CNZZDATA1274086863=553250094-1535593404-%7C1543560909',
  'accept-language' => 'zh-CN,zh;q=0.9',
  'accept-encoding' => 'gzip, deflate, br',
  'accept' => 'text/html,application/xhtml+xml,application/xml;q=0.9,image/webp,image/apng,*/*;q=0.8',
  'user-agent' => 'Mozilla/5.0 (Windows NT 6.1; Win64; x64) AppleWebKit/537.36 (KHTML, like Gecko) Chrome/70.0.3538.110 Safari/537.36',
  'upgrade-insecure-requests' => '1',
  'cache-control' => 'max-age=0',
  'connection' => 'keep-alive',
  'host' => '127.0.0.1',
  'content-length' => '',
  'content-type' => '',
)
[ info ] [ PARAM ] array (
)
[ info ] [ RUN ] app\index\controller\Viewtest->assign_view[ E:\workProject\tp5\application\index\controller\Viewtest.php ]
[ info ] [ VIEW ] E:\workProject\tp5\public/../application/index\view\viewtest\assign_view.html [ array (
  0 => 'name',
) ]
[ info ] [ LOG ] INIT File
---------------------------------------------------------------
[ 2018-12-04T10:17:08+08:00 ] 127.0.0.1 GET 127.0.0.1/index.php/index/Viewtest/assign_view
[运行时间：0.034002s] [吞吐率：29.41req/s] [内存消耗：1,174.96kb] [文件加载：38]
[ info ] [ LANG ] E:\workProject\tp5\thinkphp\lang\zh-cn.php
[ info ] [ ROUTE ] array (
  'type' => 'module',
  'module' => 
  array (
    0 => 'index',
    1 => 'Viewtest',
    2 => 'assign_view',
  ),
)
[ info ] [ HEADER ] array (
  'cookie' => 'UM_distinctid=16588987d52fb2-04ec155a4c70ad-2d604637-4a574-16588987d53359; vhistory=888888%2C13303297%2C36671862%2C; CNZZDATA1272896911=100615511-1536195372-%7C1537943975; _ga=GA1.1.2117914056.1541986101; Hm_lvt_895858e827eb907c0d1731726870317d=1542006346; HFCOOKIE=4beba4e31baf22b3dece4d480a8c81cbae73eaf762558bbb14ab094c22948cab; CNZZDATA1274086863=553250094-1535593404-%7C1543560909',
  'accept-language' => 'zh-CN,zh;q=0.9',
  'accept-encoding' => 'gzip, deflate, br',
  'accept' => 'text/html,application/xhtml+xml,application/xml;q=0.9,image/webp,image/apng,*/*;q=0.8',
  'user-agent' => 'Mozilla/5.0 (Windows NT 6.1; Win64; x64) AppleWebKit/537.36 (KHTML, like Gecko) Chrome/70.0.3538.110 Safari/537.36',
  'upgrade-insecure-requests' => '1',
  'cache-control' => 'max-age=0',
  'connection' => 'keep-alive',
  'host' => '127.0.0.1',
  'content-length' => '',
  'content-type' => '',
)
[ info ] [ PARAM ] array (
)
[ info ] [ RUN ] app\index\controller\Viewtest->assign_view[ E:\workProject\tp5\application\index\controller\Viewtest.php ]
[ info ] [ VIEW ] E:\workProject\tp5\public/../application/index\view\viewtest\assign_view.html [ array (
  0 => 'name',
) ]
[ info ] [ LOG ] INIT File
---------------------------------------------------------------
[ 2018-12-04T10:19:34+08:00 ] 127.0.0.1 GET 127.0.0.1/index.php/index/Viewtest/assign_view
[运行时间：0.029002s] [吞吐率：34.48req/s] [内存消耗：1,090.27kb] [文件加载：38]
[ info ] [ LANG ] E:\workProject\tp5\thinkphp\lang\zh-cn.php
[ info ] [ ROUTE ] array (
  'type' => 'module',
  'module' => 
  array (
    0 => 'index',
    1 => 'Viewtest',
    2 => 'assign_view',
  ),
)
[ info ] [ HEADER ] array (
  'cookie' => 'UM_distinctid=16588987d52fb2-04ec155a4c70ad-2d604637-4a574-16588987d53359; vhistory=888888%2C13303297%2C36671862%2C; CNZZDATA1272896911=100615511-1536195372-%7C1537943975; _ga=GA1.1.2117914056.1541986101; Hm_lvt_895858e827eb907c0d1731726870317d=1542006346; HFCOOKIE=4beba4e31baf22b3dece4d480a8c81cbae73eaf762558bbb14ab094c22948cab; CNZZDATA1274086863=553250094-1535593404-%7C1543560909',
  'accept-language' => 'zh-CN,zh;q=0.9',
  'accept-encoding' => 'gzip, deflate, br',
  'accept' => 'text/html,application/xhtml+xml,application/xml;q=0.9,image/webp,image/apng,*/*;q=0.8',
  'user-agent' => 'Mozilla/5.0 (Windows NT 6.1; Win64; x64) AppleWebKit/537.36 (KHTML, like Gecko) Chrome/70.0.3538.110 Safari/537.36',
  'upgrade-insecure-requests' => '1',
  'cache-control' => 'max-age=0',
  'connection' => 'keep-alive',
  'host' => '127.0.0.1',
  'content-length' => '',
  'content-type' => '',
)
[ info ] [ PARAM ] array (
)
[ info ] [ RUN ] app\index\controller\Viewtest->assign_view[ E:\workProject\tp5\application\index\controller\Viewtest.php ]
[ info ] [ LOG ] INIT File
[ error ] [1]Call to undefined function app\index\controller\assign()[E:\workProject\tp5\application\index\controller\Viewtest.php:11]
---------------------------------------------------------------
[ 2018-12-04T10:19:40+08:00 ] 127.0.0.1 GET 127.0.0.1/index.php/index/Viewtest/assign_view
[运行时间：0.032002s] [吞吐率：31.25req/s] [内存消耗：1,062.80kb] [文件加载：36]
[ info ] [ LANG ] E:\workProject\tp5\thinkphp\lang\zh-cn.php
[ info ] [ ROUTE ] array (
  'type' => 'module',
  'module' => 
  array (
    0 => 'index',
    1 => 'Viewtest',
    2 => 'assign_view',
  ),
)
[ info ] [ HEADER ] array (
  'cookie' => 'UM_distinctid=16588987d52fb2-04ec155a4c70ad-2d604637-4a574-16588987d53359; vhistory=888888%2C13303297%2C36671862%2C; CNZZDATA1272896911=100615511-1536195372-%7C1537943975; _ga=GA1.1.2117914056.1541986101; Hm_lvt_895858e827eb907c0d1731726870317d=1542006346; HFCOOKIE=4beba4e31baf22b3dece4d480a8c81cbae73eaf762558bbb14ab094c22948cab; CNZZDATA1274086863=553250094-1535593404-%7C1543560909',
  'accept-language' => 'zh-CN,zh;q=0.9',
  'accept-encoding' => 'gzip, deflate, br',
  'accept' => 'text/html,application/xhtml+xml,application/xml;q=0.9,image/webp,image/apng,*/*;q=0.8',
  'user-agent' => 'Mozilla/5.0 (Windows NT 6.1; Win64; x64) AppleWebKit/537.36 (KHTML, like Gecko) Chrome/70.0.3538.110 Safari/537.36',
  'upgrade-insecure-requests' => '1',
  'cache-control' => 'max-age=0',
  'connection' => 'keep-alive',
  'host' => '127.0.0.1',
  'content-length' => '',
  'content-type' => '',
)
[ info ] [ PARAM ] array (
)
[ info ] [ RUN ] app\index\controller\Viewtest->assign_view[ E:\workProject\tp5\application\index\controller\Viewtest.php ]
[ info ] [ VIEW ] E:\workProject\tp5\public/../application/index\view\viewtest\assign_view.html [ array (
  0 => 'name',
) ]
[ info ] [ LOG ] INIT File
---------------------------------------------------------------
[ 2018-12-04T13:34:39+08:00 ] 127.0.0.1 GET 127.0.0.1/
[运行时间：0.025001s] [吞吐率：40.00req/s] [内存消耗：829.05kb] [文件加载：28]
[ info ] [ LANG ] E:\workProject\tp5\thinkphp\lang\zh-cn.php
[ info ] [ ROUTE ] array (
  'type' => 'module',
  'module' => 
  array (
    0 => '',
    1 => NULL,
    2 => NULL,
  ),
)
[ info ] [ HEADER ] array (
  'cookie' => 'UM_distinctid=16588987d52fb2-04ec155a4c70ad-2d604637-4a574-16588987d53359; vhistory=888888%2C13303297%2C36671862%2C; CNZZDATA1272896911=100615511-1536195372-%7C1537943975; _ga=GA1.1.2117914056.1541986101; Hm_lvt_895858e827eb907c0d1731726870317d=1542006346; HFCOOKIE=4beba4e31baf22b3dece4d480a8c81cbae73eaf762558bbb14ab094c22948cab; CNZZDATA1274086863=553250094-1535593404-%7C1543560909',
  'accept-language' => 'zh-CN,zh;q=0.9',
  'accept-encoding' => 'gzip, deflate, br',
  'accept' => 'text/html,application/xhtml+xml,application/xml;q=0.9,image/webp,image/apng,*/*;q=0.8',
  'user-agent' => 'Mozilla/5.0 (Windows NT 6.1; Win64; x64) AppleWebKit/537.36 (KHTML, like Gecko) Chrome/70.0.3538.110 Safari/537.36',
  'upgrade-insecure-requests' => '1',
  'connection' => 'keep-alive',
  'host' => '127.0.0.1',
  'content-length' => '',
  'content-type' => '',
)
[ info ] [ PARAM ] array (
)
[ info ] [ RUN ] app\index\controller\Index->index[ E:\workProject\tp5\application\index\controller\Index.php ]
[ info ] [ LOG ] INIT File
---------------------------------------------------------------
[ 2018-12-04T13:34:49+08:00 ] 127.0.0.1 GET 127.0.0.1/
[运行时间：0.031002s] [吞吐率：32.26req/s] [内存消耗：829.28kb] [文件加载：28]
[ info ] [ LANG ] E:\workProject\tp5\thinkphp\lang\zh-cn.php
[ info ] [ ROUTE ] array (
  'type' => 'module',
  'module' => 
  array (
    0 => '',
    1 => NULL,
    2 => NULL,
  ),
)
[ info ] [ HEADER ] array (
  'cookie' => 'UM_distinctid=16588987d52fb2-04ec155a4c70ad-2d604637-4a574-16588987d53359; vhistory=888888%2C13303297%2C36671862%2C; CNZZDATA1272896911=100615511-1536195372-%7C1537943975; _ga=GA1.1.2117914056.1541986101; Hm_lvt_895858e827eb907c0d1731726870317d=1542006346; HFCOOKIE=4beba4e31baf22b3dece4d480a8c81cbae73eaf762558bbb14ab094c22948cab; CNZZDATA1274086863=553250094-1535593404-%7C1543560909',
  'accept-language' => 'zh-CN,zh;q=0.9',
  'accept-encoding' => 'gzip, deflate, br',
  'accept' => 'text/html,application/xhtml+xml,application/xml;q=0.9,image/webp,image/apng,*/*;q=0.8',
  'user-agent' => 'Mozilla/5.0 (Windows NT 6.1; Win64; x64) AppleWebKit/537.36 (KHTML, like Gecko) Chrome/70.0.3538.110 Safari/537.36',
  'upgrade-insecure-requests' => '1',
  'cache-control' => 'max-age=0',
  'connection' => 'keep-alive',
  'host' => '127.0.0.1',
  'content-length' => '',
  'content-type' => '',
)
[ info ] [ PARAM ] array (
)
[ info ] [ RUN ] app\index\controller\Index->index[ E:\workProject\tp5\application\index\controller\Index.php ]
[ info ] [ LOG ] INIT File
---------------------------------------------------------------
[ 2018-12-04T13:34:50+08:00 ] 127.0.0.1 GET 127.0.0.1/
[运行时间：0.030002s] [吞吐率：33.33req/s] [内存消耗：829.29kb] [文件加载：28]
[ info ] [ LANG ] E:\workProject\tp5\thinkphp\lang\zh-cn.php
[ info ] [ ROUTE ] array (
  'type' => 'module',
  'module' => 
  array (
    0 => '',
    1 => NULL,
    2 => NULL,
  ),
)
[ info ] [ HEADER ] array (
  'cookie' => 'UM_distinctid=16588987d52fb2-04ec155a4c70ad-2d604637-4a574-16588987d53359; vhistory=888888%2C13303297%2C36671862%2C; CNZZDATA1272896911=100615511-1536195372-%7C1537943975; _ga=GA1.1.2117914056.1541986101; Hm_lvt_895858e827eb907c0d1731726870317d=1542006346; HFCOOKIE=4beba4e31baf22b3dece4d480a8c81cbae73eaf762558bbb14ab094c22948cab; CNZZDATA1274086863=553250094-1535593404-%7C1543560909',
  'accept-language' => 'zh-CN,zh;q=0.9',
  'accept-encoding' => 'gzip, deflate, br',
  'accept' => 'text/html,application/xhtml+xml,application/xml;q=0.9,image/webp,image/apng,*/*;q=0.8',
  'user-agent' => 'Mozilla/5.0 (Windows NT 6.1; Win64; x64) AppleWebKit/537.36 (KHTML, like Gecko) Chrome/70.0.3538.110 Safari/537.36',
  'upgrade-insecure-requests' => '1',
  'cache-control' => 'max-age=0',
  'connection' => 'keep-alive',
  'host' => '127.0.0.1',
  'content-length' => '',
  'content-type' => '',
)
[ info ] [ PARAM ] array (
)
[ info ] [ RUN ] app\index\controller\Index->index[ E:\workProject\tp5\application\index\controller\Index.php ]
[ info ] [ LOG ] INIT File
